# JRE version: Java(TM) SE Runtime Environment (8.0_341-b10) (build 1.8.0_341-b10)
# Java VM: Java HotSpot(TM) 64-Bit Server VM (25.341-b10 mixed mode windows-amd64 compressed oops)
Heap:
 PSYoungGen      total 610304K, used 420391K [0x0000010bff900000, 0x0000010c32a80000, 0x0000010e7f800000)
  eden space 523264K, 80% used [0x0000010bff900000,0x0000010c19389ed8,0x0000010c1f800000)
  from space 87040K, 0% used [0x0000010c24d00000,0x0000010c24d00000,0x0000010c2a200000)
  to   space 87040K, 13% used [0x0000010c1f800000,0x0000010c20380ef8,0x0000010c24d00000)
 ParOldGen       total 1605632K, used 22374K [0x00000106ffa00000, 0x0000010761a00000, 0x0000010bff900000)
  object space 1605632K, 1% used [0x00000106ffa00000,0x0000010700fd9b70,0x0000010761a00000)
 Metaspace       used 56416K, capacity 59062K, committed 59160K, reserved 1101824K
  class space    used 7308K, capacity 7779K, committed 7808K, reserved 1048576K
GC Heap History (9 events):
Event: 0.500 GC heap before
{Heap before GC invocations=1 (full 0):
 PSYoungGen      total 610304K, used 198844K [0x0000010bff900000, 0x0000010c2a200000, 0x0000010e7f800000)
  eden space 523264K, 38% used [0x0000010bff900000,0x0000010c0bb2f388,0x0000010c1f800000)
  from space 87040K, 0% used [0x0000010c24d00000,0x0000010c24d00000,0x0000010c2a200000)
  to   space 87040K, 0% used [0x0000010c1f800000,0x0000010c1f800000,0x0000010c24d00000)
 ParOldGen       total 1395712K, used 0K [0x00000106ffa00000, 0x0000010754d00000, 0x0000010bff900000)
  object space 1395712K, 0% used [0x00000106ffa00000,0x00000106ffa00000,0x0000010754d00000)
 Metaspace       used 20348K, capacity 21184K, committed 21296K, reserved 1067008K
  class space    used 2675K, capacity 2870K, committed 2944K, reserved 1048576K
Event: 0.505 GC heap after
Heap after GC invocations=1 (full 0):
 PSYoungGen      total 610304K, used 14998K [0x0000010bff900000, 0x0000010c2a200000, 0x0000010e7f800000)
  eden space 523264K, 0% used [0x0000010bff900000,0x0000010bff900000,0x0000010c1f800000)
  from space 87040K, 17% used [0x0000010c1f800000,0x0000010c206a5870,0x0000010c24d00000)
  to   space 87040K, 0% used [0x0000010c24d00000,0x0000010c24d00000,0x0000010c2a200000)
 ParOldGen       total 1395712K, used 88K [0x00000106ffa00000, 0x0000010754d00000, 0x0000010bff900000)
  object space 1395712K, 0% used [0x00000106ffa00000,0x00000106ffa16010,0x0000010754d00000)
 Metaspace       used 20348K, capacity 21184K, committed 21296K, reserved 1067008K
  class space    used 2675K, capacity 2870K, committed 2944K, reserved 1048576K
}
Event: 0.505 GC heap before
{Heap before GC invocations=2 (full 1):
 PSYoungGen      total 610304K, used 14998K [0x0000010bff900000, 0x0000010c2a200000, 0x0000010e7f800000)
  eden space 523264K, 0% used [0x0000010bff900000,0x0000010bff900000,0x0000010c1f800000)
  from space 87040K, 17% used [0x0000010c1f800000,0x0000010c206a5870,0x0000010c24d00000)
  to   space 87040K, 0% used [0x0000010c24d00000,0x0000010c24d00000,0x0000010c2a200000)
 ParOldGen       total 1395712K, used 88K [0x00000106ffa00000, 0x0000010754d00000, 0x0000010bff900000)
  object space 1395712K, 0% used [0x00000106ffa00000,0x00000106ffa16010,0x0000010754d00000)
 Metaspace       used 20348K, capacity 21184K, committed 21296K, reserved 1067008K
  class space    used 2675K, capacity 2870K, committed 2944K, reserved 1048576K
Event: 0.519 GC heap after
Heap after GC invocations=2 (full 1):
 PSYoungGen      total 610304K, used 0K [0x0000010bff900000, 0x0000010c2a200000, 0x0000010e7f800000)
  eden space 523264K, 0% used [0x0000010bff900000,0x0000010bff900000,0x0000010c1f800000)
  from space 87040K, 0% used [0x0000010c1f800000,0x0000010c1f800000,0x0000010c24d00000)
  to   space 87040K, 0% used [0x0000010c24d00000,0x0000010c24d00000,0x0000010c2a200000)
 ParOldGen       total 920576K, used 14141K [0x00000106ffa00000, 0x0000010737d00000, 0x0000010bff900000)
  object space 920576K, 1% used [0x00000106ffa00000,0x00000107007cf4d8,0x0000010737d00000)
 Metaspace       used 20348K, capacity 21184K, committed 21296K, reserved 1067008K
  class space    used 2675K, capacity 2870K, committed 2944K, reserved 1048576K
}
Event: 1.022 GC heap before
{Heap before GC invocations=3 (full 1):
 PSYoungGen      total 610304K, used 257450K [0x0000010bff900000, 0x0000010c2a200000, 0x0000010e7f800000)
  eden space 523264K, 49% used [0x0000010bff900000,0x0000010c0f46a828,0x0000010c1f800000)
  from space 87040K, 0% used [0x0000010c1f800000,0x0000010c1f800000,0x0000010c24d00000)
  to   space 87040K, 0% used [0x0000010c24d00000,0x0000010c24d00000,0x0000010c2a200000)
 ParOldGen       total 920576K, used 14141K [0x00000106ffa00000, 0x0000010737d00000, 0x0000010bff900000)
  object space 920576K, 1% used [0x00000106ffa00000,0x00000107007cf4d8,0x0000010737d00000)
 Metaspace       used 33456K, capacity 35396K, committed 35496K, reserved 1079296K
  class space    used 4452K, capacity 4814K, committed 4864K, reserved 1048576K
Event: 1.027 GC heap after
Heap after GC invocations=3 (full 1):
 PSYoungGen      total 610304K, used 18391K [0x0000010bff900000, 0x0000010c32a80000, 0x0000010e7f800000)
  eden space 523264K, 0% used [0x0000010bff900000,0x0000010bff900000,0x0000010c1f800000)
  from space 87040K, 21% used [0x0000010c24d00000,0x0000010c25ef5c00,0x0000010c2a200000)
  to   space 87040K, 0% used [0x0000010c1f800000,0x0000010c1f800000,0x0000010c24d00000)
 ParOldGen       total 920576K, used 14149K [0x00000106ffa00000, 0x0000010737d00000, 0x0000010bff900000)
  object space 920576K, 1% used [0x00000106ffa00000,0x00000107007d14d8,0x0000010737d00000)
 Metaspace       used 33456K, capacity 35396K, committed 35496K, reserved 1079296K
  class space    used 4452K, capacity 4814K, committed 4864K, reserved 1048576K
}
Event: 1.027 GC heap before
{Heap before GC invocations=4 (full 2):
 PSYoungGen      total 610304K, used 18391K [0x0000010bff900000, 0x0000010c32a80000, 0x0000010e7f800000)
  eden space 523264K, 0% used [0x0000010bff900000,0x0000010bff900000,0x0000010c1f800000)
  from space 87040K, 21% used [0x0000010c24d00000,0x0000010c25ef5c00,0x0000010c2a200000)
  to   space 87040K, 0% used [0x0000010c1f800000,0x0000010c1f800000,0x0000010c24d00000)
 ParOldGen       total 920576K, used 14149K [0x00000106ffa00000, 0x0000010737d00000, 0x0000010bff900000)
  object space 920576K, 1% used [0x00000106ffa00000,0x00000107007d14d8,0x0000010737d00000)
 Metaspace       used 33456K, capacity 35396K, committed 35496K, reserved 1079296K
  class space    used 4452K, capacity 4814K, committed 4864K, reserved 1048576K
Event: 1.044 GC heap after
Heap after GC invocations=4 (full 2):
 PSYoungGen      total 610304K, used 0K [0x0000010bff900000, 0x0000010c32a80000, 0x0000010e7f800000)
  eden space 523264K, 0% used [0x0000010bff900000,0x0000010bff900000,0x0000010c1f800000)
  from space 87040K, 0% used [0x0000010c24d00000,0x0000010c24d00000,0x0000010c2a200000)
  to   space 87040K, 0% used [0x0000010c1f800000,0x0000010c1f800000,0x0000010c24d00000)
 ParOldGen       total 1605632K, used 22366K [0x00000106ffa00000, 0x0000010761a00000, 0x0000010bff900000)
  object space 1605632K, 1% used [0x00000106ffa00000,0x0000010700fd7b70,0x0000010761a00000)
 Metaspace       used 33456K, capacity 35396K, committed 35496K, reserved 1079296K
  class space    used 4452K, capacity 4814K, committed 4864K, reserved 1048576K
}
Event: 2.618 GC heap before
{Heap before GC invocations=5 (full 2):
 PSYoungGen      total 610304K, used 420391K [0x0000010bff900000, 0x0000010c32a80000, 0x0000010e7f800000)
  eden space 523264K, 80% used [0x0000010bff900000,0x0000010c19389ed8,0x0000010c1f800000)
  from space 87040K, 0% used [0x0000010c24d00000,0x0000010c24d00000,0x0000010c2a200000)
  to   space 87040K, 0% used [0x0000010c1f800000,0x0000010c1f800000,0x0000010c24d00000)
 ParOldGen       total 1605632K, used 22366K [0x00000106ffa00000, 0x0000010761a00000, 0x0000010bff900000)
  object space 1605632K, 1% used [0x00000106ffa00000,0x0000010700fd7b70,0x0000010761a00000)
 Metaspace       used 56416K, capacity 59062K, committed 59160K, reserved 1101824K
  class space    used 7308K, capacity 7779K, committed 7808K, reserved 1048576K

