<?xml version="1.0" encoding="UTF-8"?>
<testsuite xmlns:xsi="http://www.w3.org/2001/XMLSchema-instance" xsi:noNamespaceSchemaLocation="https://maven.apache.org/surefire/maven-surefire-plugin/xsd/surefire-test-report.xsd" name="com.example.mindmap.service.impl.MindMapServiceImplTest" time="1.217" tests="1" errors="0" skipped="0" failures="0">
  <properties>
[...]
</properties>
  <testcase name="generateTestCasesFromRequirement_shouldDeleteExistingNodesFirst" classname="com.example.mindmap.service.impl.MindMapServiceImplTest" time="1.197"/>
</testsuite>